0 info it worked if it ends with ok
1 verbose cli [ 'C:\\Program Files\\nodejs\\node.exe',
1 verbose cli   'C:\\Program Files\\nodejs\\node_modules\\npm\\bin\\npm-cli.js',
1 verbose cli   'install' ]
2 info using npm@3.10.10
3 info using node@v6.10.0
4 silly loadCurrentTree Starting
5 silly install loadCurrentTree
6 silly install readLocalPackageData
7 silly install normalizeTree
8 silly loadCurrentTree Finishing
9 silly loadIdealTree Starting
10 silly install loadIdealTree
11 silly cloneCurrentTree Starting
12 silly install cloneCurrentTreeToIdealTree
13 silly cloneCurrentTree Finishing
14 silly loadShrinkwrap Starting
15 silly install loadShrinkwrap
16 silly loadShrinkwrap Finishing
17 silly loadAllDepsIntoIdealTree Starting
18 silly install loadAllDepsIntoIdealTree
19 silly fetchNamedPackageData @angular/common
20 silly mapToRegistry name @angular/common
21 silly mapToRegistry scope (from package name) @angular
22 verbose mapToRegistry no registry URL found in name for scope @angular
23 silly mapToRegistry using default registry
24 silly mapToRegistry registry https://registry.npmjs.org/
25 silly mapToRegistry data Result {
25 silly mapToRegistry   raw: '@angular/common',
25 silly mapToRegistry   scope: '@angular',
25 silly mapToRegistry   escapedName: '@angular%2fcommon',
25 silly mapToRegistry   name: '@angular/common',
25 silly mapToRegistry   rawSpec: '',
25 silly mapToRegistry   spec: 'latest',
25 silly mapToRegistry   type: 'tag' }
26 silly mapToRegistry uri https://registry.npmjs.org/@angular%2fcommon
27 silly fetchNamedPackageData @angular/compiler
28 silly mapToRegistry name @angular/compiler
29 silly mapToRegistry scope (from package name) @angular
30 verbose mapToRegistry no registry URL found in name for scope @angular
31 silly mapToRegistry using default registry
32 silly mapToRegistry registry https://registry.npmjs.org/
33 silly mapToRegistry data Result {
33 silly mapToRegistry   raw: '@angular/compiler',
33 silly mapToRegistry   scope: '@angular',
33 silly mapToRegistry   escapedName: '@angular%2fcompiler',
33 silly mapToRegistry   name: '@angular/compiler',
33 silly mapToRegistry   rawSpec: '',
33 silly mapToRegistry   spec: 'latest',
33 silly mapToRegistry   type: 'tag' }
34 silly mapToRegistry uri https://registry.npmjs.org/@angular%2fcompiler
35 silly fetchNamedPackageData @angular/core
36 silly mapToRegistry name @angular/core
37 silly mapToRegistry scope (from package name) @angular
38 verbose mapToRegistry no registry URL found in name for scope @angular
39 silly mapToRegistry using default registry
40 silly mapToRegistry registry https://registry.npmjs.org/
41 silly mapToRegistry data Result {
41 silly mapToRegistry   raw: '@angular/core',
41 silly mapToRegistry   scope: '@angular',
41 silly mapToRegistry   escapedName: '@angular%2fcore',
41 silly mapToRegistry   name: '@angular/core',
41 silly mapToRegistry   rawSpec: '',
41 silly mapToRegistry   spec: 'latest',
41 silly mapToRegistry   type: 'tag' }
42 silly mapToRegistry uri https://registry.npmjs.org/@angular%2fcore
43 silly fetchNamedPackageData @angular/forms
44 silly mapToRegistry name @angular/forms
45 silly mapToRegistry scope (from package name) @angular
46 verbose mapToRegistry no registry URL found in name for scope @angular
47 silly mapToRegistry using default registry
48 silly mapToRegistry registry https://registry.npmjs.org/
49 silly mapToRegistry data Result {
49 silly mapToRegistry   raw: '@angular/forms',
49 silly mapToRegistry   scope: '@angular',
49 silly mapToRegistry   escapedName: '@angular%2fforms',
49 silly mapToRegistry   name: '@angular/forms',
49 silly mapToRegistry   rawSpec: '',
49 silly mapToRegistry   spec: 'latest',
49 silly mapToRegistry   type: 'tag' }
50 silly mapToRegistry uri https://registry.npmjs.org/@angular%2fforms
51 silly fetchNamedPackageData @angular/http
52 silly mapToRegistry name @angular/http
53 silly mapToRegistry scope (from package name) @angular
54 verbose mapToRegistry no registry URL found in name for scope @angular
55 silly mapToRegistry using default registry
56 silly mapToRegistry registry https://registry.npmjs.org/
57 silly mapToRegistry data Result {
57 silly mapToRegistry   raw: '@angular/http',
57 silly mapToRegistry   scope: '@angular',
57 silly mapToRegistry   escapedName: '@angular%2fhttp',
57 silly mapToRegistry   name: '@angular/http',
57 silly mapToRegistry   rawSpec: '',
57 silly mapToRegistry   spec: 'latest',
57 silly mapToRegistry   type: 'tag' }
58 silly mapToRegistry uri https://registry.npmjs.org/@angular%2fhttp
59 silly fetchNamedPackageData @angular/platform-browser
60 silly mapToRegistry name @angular/platform-browser
61 silly mapToRegistry scope (from package name) @angular
62 verbose mapToRegistry no registry URL found in name for scope @angular
63 silly mapToRegistry using default registry
64 silly mapToRegistry registry https://registry.npmjs.org/
65 silly mapToRegistry data Result {
65 silly mapToRegistry   raw: '@angular/platform-browser',
65 silly mapToRegistry   scope: '@angular',
65 silly mapToRegistry   escapedName: '@angular%2fplatform-browser',
65 silly mapToRegistry   name: '@angular/platform-browser',
65 silly mapToRegistry   rawSpec: '',
65 silly mapToRegistry   spec: 'latest',
65 silly mapToRegistry   type: 'tag' }
66 silly mapToRegistry uri https://registry.npmjs.org/@angular%2fplatform-browser
67 silly fetchNamedPackageData @angular/platform-browser-dynamic
68 silly mapToRegistry name @angular/platform-browser-dynamic
69 silly mapToRegistry scope (from package name) @angular
70 verbose mapToRegistry no registry URL found in name for scope @angular
71 silly mapToRegistry using default registry
72 silly mapToRegistry registry https://registry.npmjs.org/
73 silly mapToRegistry data Result {
73 silly mapToRegistry   raw: '@angular/platform-browser-dynamic',
73 silly mapToRegistry   scope: '@angular',
73 silly mapToRegistry   escapedName: '@angular%2fplatform-browser-dynamic',
73 silly mapToRegistry   name: '@angular/platform-browser-dynamic',
73 silly mapToRegistry   rawSpec: '',
73 silly mapToRegistry   spec: 'latest',
73 silly mapToRegistry   type: 'tag' }
74 silly mapToRegistry uri https://registry.npmjs.org/@angular%2fplatform-browser-dynamic
75 silly fetchNamedPackageData @angular/router
76 silly mapToRegistry name @angular/router
77 silly mapToRegistry scope (from package name) @angular
78 verbose mapToRegistry no registry URL found in name for scope @angular
79 silly mapToRegistry using default registry
80 silly mapToRegistry registry https://registry.npmjs.org/
81 silly mapToRegistry data Result {
81 silly mapToRegistry   raw: '@angular/router',
81 silly mapToRegistry   scope: '@angular',
81 silly mapToRegistry   escapedName: '@angular%2frouter',
81 silly mapToRegistry   name: '@angular/router',
81 silly mapToRegistry   rawSpec: '',
81 silly mapToRegistry   spec: 'latest',
81 silly mapToRegistry   type: 'tag' }
82 silly mapToRegistry uri https://registry.npmjs.org/@angular%2frouter
83 silly fetchNamedPackageData angular-in-memory-web-api
84 silly mapToRegistry name angular-in-memory-web-api
85 silly mapToRegistry using default registry
86 silly mapToRegistry registry https://registry.npmjs.org/
87 silly mapToRegistry data Result {
87 silly mapToRegistry   raw: 'angular-in-memory-web-api',
87 silly mapToRegistry   scope: null,
87 silly mapToRegistry   escapedName: 'angular-in-memory-web-api',
87 silly mapToRegistry   name: 'angular-in-memory-web-api',
87 silly mapToRegistry   rawSpec: '',
87 silly mapToRegistry   spec: 'latest',
87 silly mapToRegistry   type: 'tag' }
88 silly mapToRegistry uri https://registry.npmjs.org/angular-in-memory-web-api
89 silly fetchNamedPackageData systemjs
90 silly mapToRegistry name systemjs
91 silly mapToRegistry using default registry
92 silly mapToRegistry registry https://registry.npmjs.org/
93 silly mapToRegistry data Result {
93 silly mapToRegistry   raw: 'systemjs',
93 silly mapToRegistry   scope: null,
93 silly mapToRegistry   escapedName: 'systemjs',
93 silly mapToRegistry   name: 'systemjs',
93 silly mapToRegistry   rawSpec: '',
93 silly mapToRegistry   spec: 'latest',
93 silly mapToRegistry   type: 'tag' }
94 silly mapToRegistry uri https://registry.npmjs.org/systemjs
95 silly fetchNamedPackageData core-js
96 silly mapToRegistry name core-js
97 silly mapToRegistry using default registry
98 silly mapToRegistry registry https://registry.npmjs.org/
99 silly mapToRegistry data Result {
99 silly mapToRegistry   raw: 'core-js',
99 silly mapToRegistry   scope: null,
99 silly mapToRegistry   escapedName: 'core-js',
99 silly mapToRegistry   name: 'core-js',
99 silly mapToRegistry   rawSpec: '',
99 silly mapToRegistry   spec: 'latest',
99 silly mapToRegistry   type: 'tag' }
100 silly mapToRegistry uri https://registry.npmjs.org/core-js
101 silly fetchNamedPackageData rxjs
102 silly mapToRegistry name rxjs
103 silly mapToRegistry using default registry
104 silly mapToRegistry registry https://registry.npmjs.org/
105 silly mapToRegistry data Result {
105 silly mapToRegistry   raw: 'rxjs',
105 silly mapToRegistry   scope: null,
105 silly mapToRegistry   escapedName: 'rxjs',
105 silly mapToRegistry   name: 'rxjs',
105 silly mapToRegistry   rawSpec: '',
105 silly mapToRegistry   spec: 'latest',
105 silly mapToRegistry   type: 'tag' }
106 silly mapToRegistry uri https://registry.npmjs.org/rxjs
107 silly fetchNamedPackageData zone.js
108 silly mapToRegistry name zone.js
109 silly mapToRegistry using default registry
110 silly mapToRegistry registry https://registry.npmjs.org/
111 silly mapToRegistry data Result {
111 silly mapToRegistry   raw: 'zone.js',
111 silly mapToRegistry   scope: null,
111 silly mapToRegistry   escapedName: 'zone.js',
111 silly mapToRegistry   name: 'zone.js',
111 silly mapToRegistry   rawSpec: '',
111 silly mapToRegistry   spec: 'latest',
111 silly mapToRegistry   type: 'tag' }
112 silly mapToRegistry uri https://registry.npmjs.org/zone.js
113 verbose request uri https://registry.npmjs.org/@angular%2fcore
114 verbose request no auth needed
115 info attempt registry request try #1 at 12:27:15 PM
116 verbose request id f5897d480944b575
117 verbose etag "599de5e4-1d3e7"
118 http request GET https://registry.npmjs.org/@angular%2fcore
119 verbose request uri https://registry.npmjs.org/@angular%2fcompiler
120 verbose request no auth needed
121 info attempt registry request try #1 at 12:27:15 PM
122 verbose etag "599de5d9-1dd0e"
123 http request GET https://registry.npmjs.org/@angular%2fcompiler
124 verbose request uri https://registry.npmjs.org/@angular%2fcommon
125 verbose request no auth needed
126 info attempt registry request try #1 at 12:27:15 PM
127 verbose etag "599de5d2-1dc3a"
128 http request GET https://registry.npmjs.org/@angular%2fcommon
129 verbose request uri https://registry.npmjs.org/@angular%2fforms
130 verbose request no auth needed
131 info attempt registry request try #1 at 12:27:15 PM
132 verbose etag "599de5ea-1c5de"
133 http request GET https://registry.npmjs.org/@angular%2fforms
134 verbose request uri https://registry.npmjs.org/@angular%2frouter
135 verbose request no auth needed
136 info attempt registry request try #1 at 12:27:15 PM
137 verbose etag "599de61e-27da4"
138 http request GET https://registry.npmjs.org/@angular%2frouter
139 verbose request uri https://registry.npmjs.org/@angular%2fplatform-browser-dynamic
140 verbose request no auth needed
141 info attempt registry request try #1 at 12:27:15 PM
142 verbose etag "599de606-24dc2"
143 http request GET https://registry.npmjs.org/@angular%2fplatform-browser-dynamic
144 verbose request uri https://registry.npmjs.org/@angular%2fhttp
145 verbose request no auth needed
146 info attempt registry request try #1 at 12:27:15 PM
147 verbose etag "599de5f0-1e25f"
148 http request GET https://registry.npmjs.org/@angular%2fhttp
149 verbose request uri https://registry.npmjs.org/@angular%2fplatform-browser
150 verbose request no auth needed
151 info attempt registry request try #1 at 12:27:15 PM
152 verbose etag "599de601-20f61"
153 http request GET https://registry.npmjs.org/@angular%2fplatform-browser
154 verbose request uri https://registry.npmjs.org/angular-in-memory-web-api
155 verbose request no auth needed
156 info attempt registry request try #1 at 12:27:15 PM
157 verbose etag W/"59708fdd-14790"
158 verbose lastModified Thu, 20 Jul 2017 11:11:25 GMT
159 http request GET https://registry.npmjs.org/angular-in-memory-web-api
160 verbose request uri https://registry.npmjs.org/rxjs
161 verbose request no auth needed
162 info attempt registry request try #1 at 12:27:15 PM
163 verbose etag W/"599c7f43-2bde7"
164 verbose lastModified Tue, 22 Aug 2017 19:00:19 GMT
165 http request GET https://registry.npmjs.org/rxjs
166 info retry will retry, error on last attempt: Error: getaddrinfo ENOTFOUND registry.npmjs.org registry.npmjs.org:443
167 verbose request uri https://registry.npmjs.org/systemjs
168 verbose request no auth needed
169 info attempt registry request try #1 at 12:27:15 PM
170 verbose etag W/"59996d32-3aa09"
171 verbose lastModified Sun, 20 Aug 2017 11:06:26 GMT
172 http request GET https://registry.npmjs.org/systemjs
173 info retry will retry, error on last attempt: Error: getaddrinfo ENOTFOUND registry.npmjs.org registry.npmjs.org:443
174 info retry will retry, error on last attempt: Error: getaddrinfo ENOTFOUND registry.npmjs.org registry.npmjs.org:443
175 info retry will retry, error on last attempt: Error: getaddrinfo ENOTFOUND registry.npmjs.org registry.npmjs.org:443
176 info retry will retry, error on last attempt: Error: getaddrinfo ENOTFOUND registry.npmjs.org registry.npmjs.org:443
177 info retry will retry, error on last attempt: Error: getaddrinfo ENOTFOUND registry.npmjs.org registry.npmjs.org:443
178 info retry will retry, error on last attempt: Error: getaddrinfo ENOTFOUND registry.npmjs.org registry.npmjs.org:443
179 info retry will retry, error on last attempt: Error: getaddrinfo ENOTFOUND registry.npmjs.org registry.npmjs.org:443
180 info retry will retry, error on last attempt: Error: getaddrinfo ENOTFOUND registry.npmjs.org registry.npmjs.org:443
181 info retry will retry, error on last attempt: Error: getaddrinfo ENOTFOUND registry.npmjs.org registry.npmjs.org:443
182 info retry will retry, error on last attempt: Error: getaddrinfo ENOTFOUND registry.npmjs.org registry.npmjs.org:443
183 verbose request uri https://registry.npmjs.org/core-js
184 verbose request no auth needed
185 info attempt registry request try #1 at 12:27:15 PM
186 verbose etag W/"598727fe-39217"
187 verbose lastModified Sun, 06 Aug 2017 14:30:22 GMT
188 http request GET https://registry.npmjs.org/core-js
189 verbose request uri https://registry.npmjs.org/zone.js
190 verbose request no auth needed
191 info attempt registry request try #1 at 12:27:15 PM
192 verbose etag W/"599dcc29-2ba15"
193 verbose lastModified Wed, 23 Aug 2017 18:40:41 GMT
194 http request GET https://registry.npmjs.org/zone.js
195 info retry will retry, error on last attempt: Error: getaddrinfo ENOTFOUND registry.npmjs.org registry.npmjs.org:443
196 info retry will retry, error on last attempt: Error: getaddrinfo ENOTFOUND registry.npmjs.org registry.npmjs.org:443
197 info attempt registry request try #2 at 12:27:25 PM
198 verbose etag "599de5e4-1d3e7"
199 http request GET https://registry.npmjs.org/@angular%2fcore
200 info retry will retry, error on last attempt: Error: getaddrinfo ENOTFOUND registry.npmjs.org registry.npmjs.org:443
201 info attempt registry request try #2 at 12:27:25 PM
202 verbose etag "599de5d9-1dd0e"
203 http request GET https://registry.npmjs.org/@angular%2fcompiler
204 info attempt registry request try #2 at 12:27:25 PM
205 verbose etag "599de5d2-1dc3a"
206 http request GET https://registry.npmjs.org/@angular%2fcommon
207 info attempt registry request try #2 at 12:27:25 PM
208 verbose etag "599de5ea-1c5de"
209 http request GET https://registry.npmjs.org/@angular%2fforms
210 info attempt registry request try #2 at 12:27:25 PM
211 verbose etag "599de61e-27da4"
212 http request GET https://registry.npmjs.org/@angular%2frouter
213 info attempt registry request try #2 at 12:27:25 PM
214 verbose etag "599de606-24dc2"
215 http request GET https://registry.npmjs.org/@angular%2fplatform-browser-dynamic
216 info attempt registry request try #2 at 12:27:25 PM
217 verbose etag "599de5f0-1e25f"
218 http request GET https://registry.npmjs.org/@angular%2fhttp
219 info attempt registry request try #2 at 12:27:25 PM
220 verbose etag "599de601-20f61"
221 http request GET https://registry.npmjs.org/@angular%2fplatform-browser
222 info attempt registry request try #2 at 12:27:25 PM
223 verbose etag W/"59708fdd-14790"
224 verbose lastModified Thu, 20 Jul 2017 11:11:25 GMT
225 http request GET https://registry.npmjs.org/angular-in-memory-web-api
226 info attempt registry request try #2 at 12:27:25 PM
227 verbose etag W/"599c7f43-2bde7"
228 verbose lastModified Tue, 22 Aug 2017 19:00:19 GMT
229 http request GET https://registry.npmjs.org/rxjs
230 info attempt registry request try #2 at 12:27:25 PM
231 verbose etag W/"59996d32-3aa09"
232 verbose lastModified Sun, 20 Aug 2017 11:06:26 GMT
233 http request GET https://registry.npmjs.org/systemjs
234 info attempt registry request try #2 at 12:27:25 PM
235 verbose etag W/"598727fe-39217"
236 verbose lastModified Sun, 06 Aug 2017 14:30:22 GMT
237 http request GET https://registry.npmjs.org/core-js
238 info attempt registry request try #2 at 12:27:25 PM
239 verbose etag W/"599dcc29-2ba15"
240 verbose lastModified Wed, 23 Aug 2017 18:40:41 GMT
241 http request GET https://registry.npmjs.org/zone.js
242 info retry will retry, error on last attempt: Error: getaddrinfo ENOTFOUND registry.npmjs.org registry.npmjs.org:443
243 info retry will retry, error on last attempt: Error: getaddrinfo ENOTFOUND registry.npmjs.org registry.npmjs.org:443
244 info retry will retry, error on last attempt: Error: getaddrinfo ENOTFOUND registry.npmjs.org registry.npmjs.org:443
245 info retry will retry, error on last attempt: Error: getaddrinfo ENOTFOUND registry.npmjs.org registry.npmjs.org:443
246 info retry will retry, error on last attempt: Error: getaddrinfo ENOTFOUND registry.npmjs.org registry.npmjs.org:443
247 info retry will retry, error on last attempt: Error: getaddrinfo ENOTFOUND registry.npmjs.org registry.npmjs.org:443
248 info retry will retry, error on last attempt: Error: getaddrinfo ENOTFOUND registry.npmjs.org registry.npmjs.org:443
249 info retry will retry, error on last attempt: Error: getaddrinfo ENOTFOUND registry.npmjs.org registry.npmjs.org:443
250 info retry will retry, error on last attempt: Error: getaddrinfo ENOTFOUND registry.npmjs.org registry.npmjs.org:443
251 info retry will retry, error on last attempt: Error: getaddrinfo ENOTFOUND registry.npmjs.org registry.npmjs.org:443
252 info retry will retry, error on last attempt: Error: getaddrinfo ENOTFOUND registry.npmjs.org registry.npmjs.org:443
253 info retry will retry, error on last attempt: Error: getaddrinfo ENOTFOUND registry.npmjs.org registry.npmjs.org:443
254 verbose stack Error: kill ENOSYS
254 verbose stack     at exports._errnoException (util.js:1022:11)
254 verbose stack     at process.kill (internal/process.js:172:13)
254 verbose stack     at process.listener (C:\Program Files\nodejs\node_modules\npm\node_modules\npmlog\node_modules\gauge\node_modules\signal-exit\index.js:86:15)
254 verbose stack     at emitNone (events.js:91:20)
254 verbose stack     at process.emit (events.js:185:7)
254 verbose stack     at processEmit (C:\Program Files\nodejs\node_modules\npm\node_modules\npmlog\node_modules\gauge\node_modules\signal-exit\index.js:146:32)
254 verbose stack     at processEmit (C:\Program Files\nodejs\node_modules\npm\node_modules\npm-registry-client\node_modules\npmlog\node_modules\gauge\node_modules\signal-exit\index.js:146:32)
254 verbose stack     at Signal.wrap.onsignal (internal/process.js:199:44)
255 verbose cwd E:\ng2-training-start
256 error Windows_NT 10.0.10240
257 error argv "C:\\Program Files\\nodejs\\node.exe" "C:\\Program Files\\nodejs\\node_modules\\npm\\bin\\npm-cli.js" "install"
258 error node v6.10.0
259 error npm  v3.10.10
260 error code ENOSYS
261 error errno ENOSYS
262 error syscall kill
263 error kill ENOSYS
264 error If you need help, you may report this error at:
264 error     <https://github.com/npm/npm/issues>
265 verbose exit [ 1, true ]
